Delete row operation on Server 1 on tablet 3 at 2021-06-07T17:31
Add Row operation on Server 0 on tablet 0 at 2021-06-07T17:31
Delete row operation on Server 1 on tablet 2 at 2021-06-07T17:32
Delete row operation on Server 1 on tablet 3 at 2021-06-07T17:32
Add Row operation on Server 0 on tablet 0 at 2021-06-07T17:32
Delete row operation on Server 1 on tablet 2 at 2021-06-07T17:32
Set operation on Server 0 on tablet 0 at 2021-06-07T17:32
Delete cells operation on Server 0 on tablet 0 at 2021-06-07T17:32
Add Row operation on Server 0 on tablet 0 at 2021-06-07T17:32
Read operation on Server 0 on tablet 0 at 2021-06-07T17:32
Read operation on Server 1 on tablet 3 at 2021-06-07T17:32
Delete row operation on Server 1 on tablet 3 at 2021-06-07T17:35
Set operation on Server 0 on tablet 0 at 2021-06-07T17:35
Add Row operation on Server 0 on tablet 0 at 2021-06-07T17:35
Delete row operation on Server 1 on tablet 2 at 2021-06-07T17:35
Add Row operation on Server 0 on tablet 0 at 2021-06-07T17:35
Read operation on Server 0 on tablet 0 at 2021-06-07T17:35
Delete cells operation on Server 0 on tablet 0 at 2021-06-07T17:35
Delete row operation on Server 1 on tablet 3 at 2021-06-07T17:36
Delete row operation on Server 1 on tablet 2 at 2021-06-07T17:36
Set operation on Server 0 on tablet 0 at 2021-06-07T17:36
Add Row operation on Server 0 on tablet 0 at 2021-06-07T17:36
Read operation on Server 1 on tablet 3 at 2021-06-07T17:36
Read operation on Server 0 on tablet 0 at 2021-06-07T17:36
Delete cells operation on Server 0 on tablet 0 at 2021-06-07T17:36
Add Row operation on Server 0 on tablet 0 at 2021-06-07T17:36
Delete row operation on Server 1 on tablet 3 at 2021-06-07T17:37
Set operation on Server 0 on tablet 0 at 2021-06-07T17:37
Delete row operation on Server 1 on tablet 2 at 2021-06-07T17:37
Delete cells operation on Server 0 on tablet 0 at 2021-06-07T17:37
Add Row operation on Server 0 on tablet 0 at 2021-06-07T17:37
Delete row operation on Server 1 on tablet 3 at 2021-06-07T17:37
Add Row operation on Server 0 on tablet 0 at 2021-06-07T17:37
Read operation on Server 0 on tablet 0 at 2021-06-07T17:37
Delete row operation on Server 1 on tablet 2 at 2021-06-07T17:37
Add Row operation on Server 0 on tablet 0 at 2021-06-07T17:37
Read operation on Server 1 on tablet 3 at 2021-06-07T17:37
Delete cells operation on Server 0 on tablet 0 at 2021-06-07T17:37
Set operation on Server 0 on tablet 0 at 2021-06-07T17:38
Add Row operation on Server 0 on tablet 0 at 2021-06-07T17:38
Read operation on Server 1 on tablet 3 at 2021-06-07T17:38
